----------------------------------------------------------------
2013-07-23 16:51:34.763 GMT:
 Booting Derby version The Apache Software Foundation - Apache Derby - 10.5.3.0 - (802917): instance a816c00e-0140-0c71-6c81-000003321ac0
on database directory /Users/rharnden/Downloads/backup/longisland/impl/target/magnet/com.magnetapi.longisland.impl.test.AgendaTest/data.dir/jackrabbit/version/db  

Database Class Loader started - derby.database.classpath=''
----------------------------------------------------------------
2013-07-23 16:51:35.741 GMT:
 Booting Derby version The Apache Software Foundation - Apache Derby - 10.5.3.0 - (802917): instance 9a4840c2-0140-0c71-6c81-000003321ac0
on database directory /Users/rharnden/Downloads/backup/longisland/impl/target/magnet/com.magnetapi.longisland.impl.test.AgendaTest/data.dir/jackrabbit/workspaces/default/db  

Database Class Loader started - derby.database.classpath=''
----------------------------------------------------------------
2013-07-23 16:51:37.511 GMT:
 Booting Derby version The Apache Software Foundation - Apache Derby - 10.5.3.0 - (802917): instance 45370179-0140-0c71-6c81-000003321ac0
on database directory /Users/rharnden/Downloads/backup/longisland/impl/target/magnet/com.magnetapi.longisland.impl.test.AgendaTest/data.dir/jackrabbit/workspaces/security/db  

Database Class Loader started - derby.database.classpath=''

2013-07-23 16:51:41.642 GMT:
Shutting down instance 9a4840c2-0140-0c71-6c81-000003321ac0
----------------------------------------------------------------

2013-07-23 16:51:41.674 GMT:
Shutting down instance 45370179-0140-0c71-6c81-000003321ac0
----------------------------------------------------------------

2013-07-23 16:51:41.685 GMT:
Shutting down instance a816c00e-0140-0c71-6c81-000003321ac0
----------------------------------------------------------------
